Reading OpenROAD database at '/content/openlane_run/4-openroad-ioplacement/hac_deskew_dut.odb'…
Reading library file at '/root/.volare/sky130A/libs.ref/sky130_fd_sc_hd/lib/sky130_fd_sc_hd__tt_025C_1v80.lib'…
Reading design constraints file at '/content/openlane_ipynb/openlane/scripts/base.sdc'…
[INFO] Using clock clk…
[INFO] Setting output delay to: 2
[INFO] Setting input delay to: 2
[INFO] Setting load to: 0.033442
[INFO] Setting clock uncertainty to: 0.25
[INFO] Setting clock transition to: 0.1499999999999999944488848768742172978818416595458984375
[INFO] Setting timing derate to: 5%
[INFO] Setting global connections...
[INFO PDN-0001] Inserting grid: stdcell_grid
Setting global connections for newly added cells…
[INFO] Setting global connections...
Writing OpenROAD database to '/content/openlane_run/6-openroad-generatepdn/hac_deskew_dut.odb'…
Writing netlist to '/content/openlane_run/6-openroad-generatepdn/hac_deskew_dut.nl.v'…
Writing powered netlist to '/content/openlane_run/6-openroad-generatepdn/hac_deskew_dut.pnl.v'…
Writing layout to '/content/openlane_run/6-openroad-generatepdn/hac_deskew_dut.def'…
Writing timing constraints to '/content/openlane_run/6-openroad-generatepdn/hac_deskew_dut.sdc'…
[INFO PSM-0040] All shapes on net VPWR are connected.
[INFO PSM-0040] All shapes on net VGND are connected.
