Reading OpenROAD database at '/content/openlane_run/7-openroad-globalplacement/hac_deskew_dut.odb'…
Reading library file at '/root/.volare/sky130A/libs.ref/sky130_fd_sc_hd/lib/sky130_fd_sc_hd__tt_025C_1v80.lib'…
Reading design constraints file at '/content/openlane_ipynb/openlane/scripts/base.sdc'…
[INFO] Using clock clk…
[INFO] Setting output delay to: 2
[INFO] Setting input delay to: 2
[INFO] Setting load to: 0.033442
[INFO] Setting clock uncertainty to: 0.25
[INFO] Setting clock transition to: 0.1499999999999999944488848768742172978818416595458984375
[INFO] Setting timing derate to: 5%
Placement Analysis
---------------------------------
total displacement       1730.1 u
average displacement        0.4 u
max displacement            9.0 u
original HPWL           54474.1 u
legalized HPWL          55729.8 u
delta HPWL                    2 %

[INFO DPL-0020] Mirrored 358 instances
[INFO DPL-0021] HPWL before           55729.8 u
[INFO DPL-0022] HPWL after            54988.7 u
[INFO DPL-0023] HPWL delta               -1.3 %
Setting global connections for newly added cells…
[INFO] Setting global connections...
Writing OpenROAD database to '/content/openlane_run/8-openroad-detailedplacement/hac_deskew_dut.odb'…
Writing netlist to '/content/openlane_run/8-openroad-detailedplacement/hac_deskew_dut.nl.v'…
Writing powered netlist to '/content/openlane_run/8-openroad-detailedplacement/hac_deskew_dut.pnl.v'…
Writing layout to '/content/openlane_run/8-openroad-detailedplacement/hac_deskew_dut.def'…
Writing timing constraints to '/content/openlane_run/8-openroad-detailedplacement/hac_deskew_dut.sdc'…
