
18. Executing CHECK pass (checking for obvious problems).
Checking module hac_deskew_dut...
Warning: Drivers conflicting with a constant 1'0 driver:
    port Q[0] of cell $procdff$91 ($dff)
    port Q[1] of cell $procdff$91 ($dff)
    port Q[2] of cell $procdff$91 ($dff)
    port Q[3] of cell $procdff$91 ($dff)
    port Q[4] of cell $procdff$91 ($dff)
    port Q[5] of cell $procdff$91 ($dff)
    port Q[6] of cell $procdff$91 ($dff)
    port Q[7] of cell $procdff$91 ($dff)
    port Q[8] of cell $procdff$91 ($dff)
    port Q[9] of cell $procdff$91 ($dff)
    port Q[10] of cell $procdff$91 ($dff)
    port Q[11] of cell $procdff$91 ($dff)
    port Q[12] of cell $procdff$91 ($dff)
    port Q[13] of cell $procdff$91 ($dff)
    port Q[14] of cell $procdff$91 ($dff)
    port Q[15] of cell $procdff$91 ($dff)
    port Q[16] of cell $procdff$91 ($dff)
    port Q[17] of cell $procdff$91 ($dff)
    port Q[18] of cell $procdff$91 ($dff)
    port Q[19] of cell $procdff$91 ($dff)
    port Q[20] of cell $procdff$91 ($dff)
    port Q[21] of cell $procdff$91 ($dff)
    port Q[22] of cell $procdff$91 ($dff)
    port Q[23] of cell $procdff$91 ($dff)
    port Q[24] of cell $procdff$91 ($dff)
    port Q[25] of cell $procdff$91 ($dff)
    port Q[26] of cell $procdff$91 ($dff)
    port Q[27] of cell $procdff$91 ($dff)
    port Q[28] of cell $procdff$91 ($dff)
    port Q[29] of cell $procdff$91 ($dff)
    port Q[30] of cell $procdff$91 ($dff)
    port Q[31] of cell $procdff$91 ($dff)
    port Q[32] of cell $procdff$91 ($dff)
    port Q[33] of cell $procdff$91 ($dff)
    port Q[34] of cell $procdff$91 ($dff)
    port Q[35] of cell $procdff$91 ($dff)
    port Q[36] of cell $procdff$91 ($dff)
    port Q[37] of cell $procdff$91 ($dff)
    port Q[38] of cell $procdff$91 ($dff)
    port Q[39] of cell $procdff$91 ($dff)
    port Q[40] of cell $procdff$91 ($dff)
    port Q[41] of cell $procdff$91 ($dff)
    port Q[42] of cell $procdff$91 ($dff)
    port Q[43] of cell $procdff$91 ($dff)
    port Q[44] of cell $procdff$91 ($dff)
    port Q[45] of cell $procdff$91 ($dff)
    port Q[46] of cell $procdff$91 ($dff)
    port Q[47] of cell $procdff$91 ($dff)
    port Q[0] of cell $procdff$88 ($dff)
Checking module $paramod$80fc978f5bcbdb904d03c9a210ae5e7c850df377\hac_counter...
Found and reported 1 problems.
