47. Printing statistics.

=== hac_deskew_dut ===

   Number of wires:                625
   Number of wire bits:           1063
   Number of public wires:          17
   Number of public wire bits:     296
   Number of memories:               0
   Number of memory bits:            0
   Number of processes:              0
   Number of cells:                849
     $_ANDNOT_                     202
     $_AND_                         33
     $_DFFE_PN0P_                   67
     $_DFF_PN0_                     26
     $_DFF_PN1_                      8
     $_NAND_                        29
     $_NOR_                         75
     $_NOT_                          3
     $_ORNOT_                       85
     $_OR_                         101
     $_XNOR_                        26
     $_XOR_                        194

   Area for cell type $_NOT_ is unknown!
   Area for cell type $_AND_ is unknown!
   Area for cell type $_NAND_ is unknown!
   Area for cell type $_OR_ is unknown!
   Area for cell type $_NOR_ is unknown!
   Area for cell type $_XOR_ is unknown!
   Area for cell type $_XNOR_ is unknown!
   Area for cell type $_ANDNOT_ is unknown!
   Area for cell type $_ORNOT_ is unknown!
   Area for cell type $_DFF_PN0_ is unknown!
   Area for cell type $_DFF_PN1_ is unknown!
   Area for cell type $_DFFE_PN0P_ is unknown!

